Type-safe project accessors is an incubating feature.
> Task :composeApp:cleanIosSimulatorArm64Test UP-TO-DATE
> Task :composeApp:cleanIosX64Test UP-TO-DATE
> Task :composeApp:cleanAllTests UP-TO-DATE
> Task :composeApp:clean
> Task :composeApp:checkKotlinGradlePluginConfigurationErrors SKIPPED
> Task :composeApp:generateComposeResClass
> Task :composeApp:generateExpectResourceCollectorsForCommonMain
> Task :composeApp:convertXmlValueResourcesForCommonMain
> Task :composeApp:copyNonXmlValueResourcesForCommonMain NO-SOURCE
> Task :composeApp:prepareComposeResourcesTaskForCommonMain UP-TO-DATE
> Task :composeApp:generateResourceAccessorsForCommonMain
> Task :composeApp:generateCommonMainQuickTipDatabaseInterface
> Task :composeApp:transformCommonMainDependenciesMetadata
> Task :composeApp:generateProjectStructureMetadata
> Task :composeApp:metadataCommonMainProcessResources NO-SOURCE
> Task :composeApp:preBuild UP-TO-DATE
> Task :composeApp:preDebugBuild UP-TO-DATE
> Task :composeApp:mergeDebugNativeDebugMetadata NO-SOURCE
> Task :composeApp:convertXmlValueResourcesForAndroidMain NO-SOURCE
> Task :composeApp:copyNonXmlValueResourcesForAndroidMain NO-SOURCE
> Task :composeApp:prepareComposeResourcesTaskForAndroidMain NO-SOURCE
> Task :composeApp:generateResourceAccessorsForAndroidMain NO-SOURCE
> Task :composeApp:generateActualResourceCollectorsForAndroidMain
> Task :composeApp:convertXmlValueResourcesForAndroidDebug NO-SOURCE
> Task :composeApp:copyNonXmlValueResourcesForAndroidDebug NO-SOURCE
> Task :composeApp:prepareComposeResourcesTaskForAndroidDebug NO-SOURCE
> Task :composeApp:generateResourceAccessorsForAndroidDebug NO-SOURCE
> Task :composeApp:generateDebugResValues
> Task :composeApp:processDebugGoogleServices
> Task :composeApp:mapDebugSourceSetPaths
> Task :composeApp:checkDebugAarMetadata
> Task :composeApp:generateDebugResources
> Task :composeApp:packageDebugResources
> Task :composeApp:createDebugCompatibleScreenManifests
> Task :composeApp:extractDeepLinksDebug

> Task :composeApp:compileCommonMainKotlinMetadata
w: file:///Users/macmini/.openclaw/workspace/systems/app-factory/apps/quicktip/quicktip-code/composeApp/src/commonMain/kotlin/com/ofekyariv/quicktip/ads/AdManager.kt:7:1 'expect'/'actual' classes (including interfaces, objects, annotations, enums, and 'actual' typealiases) are in Beta. Consider using the '-Xexpect-actual-classes' flag to suppress this warning. Also see: https://youtrack.jetbrains.com/issue/KT-61573
w: file:///Users/macmini/.openclaw/workspace/systems/app-factory/apps/quicktip/quicktip-code/composeApp/src/commonMain/kotlin/com/ofekyariv/quicktip/analytics/AnalyticsTracker.kt:7:1 'expect'/'actual' classes (including interfaces, objects, annotations, enums, and 'actual' typealiases) are in Beta. Consider using the '-Xexpect-actual-classes' flag to suppress this warning. Also see: https://youtrack.jetbrains.com/issue/KT-61573
w: file:///Users/macmini/.openclaw/workspace/systems/app-factory/apps/quicktip/quicktip-code/composeApp/src/commonMain/kotlin/com/ofekyariv/quicktip/data/database/DatabaseDriverFactory.kt:9:1 'expect'/'actual' classes (including interfaces, objects, annotations, enums, and 'actual' typealiases) are in Beta. Consider using the '-Xexpect-actual-classes' flag to suppress this warning. Also see: https://youtrack.jetbrains.com/issue/KT-61573
w: file:///Users/macmini/.openclaw/workspace/systems/app-factory/apps/quicktip/quicktip-code/composeApp/src/commonMain/kotlin/com/ofekyariv/quicktip/iap/IAPManager.kt:9:1 'expect'/'actual' classes (including interfaces, objects, annotations, enums, and 'actual' typealiases) are in Beta. Consider using the '-Xexpect-actual-classes' flag to suppress this warning. Also see: https://youtrack.jetbrains.com/issue/KT-61573

> Task :composeApp:parseDebugLocalResources
> Task :composeApp:mergeDebugResources
> Task :composeApp:processDebugMainManifest
> Task :composeApp:metadataCommonMainClasses
> Task :composeApp:allMetadataJar
> Task :composeApp:processDebugManifest
> Task :composeApp:javaPreCompileDebug
> Task :composeApp:mergeDebugShaders
> Task :composeApp:compileDebugShaders NO-SOURCE
> Task :composeApp:copyDebugComposeResourcesToAndroidAssets
> Task :composeApp:debugAssetsCopyForAGP NO-SOURCE
> Task :composeApp:generateDebugAssets UP-TO-DATE
> Task :composeApp:mergeDebugAssets
> Task :composeApp:compressDebugAssets
> Task :composeApp:desugarDebugFileDependencies
> Task :composeApp:mergeDebugJniLibFolders
> Task :composeApp:mergeDebugNativeLibs
> Task :composeApp:checkDebugDuplicateClasses
> Task :composeApp:validateSigningDebug
> Task :composeApp:processDebugManifestForPackage
> Task :composeApp:mergeLibDexDebug
> Task :composeApp:writeDebugAppMetadata
> Task :composeApp:writeDebugSigningConfigVersions
> Task :composeApp:preReleaseBuild UP-TO-DATE
> Task :composeApp:mergeReleaseJniLibFolders

> Task :composeApp:stripDebugDebugSymbols
Unable to strip the following libraries, packaging them as they are: libandroidx.graphics.path.so, libdatastore_shared_counter.so.

> Task :composeApp:mergeReleaseNativeLibs

> Task :composeApp:stripReleaseDebugSymbols
Unable to strip the following libraries, packaging them as they are: libandroidx.graphics.path.so, libdatastore_shared_counter.so.

> Task :composeApp:buildKotlinToolingMetadata
> Task :composeApp:convertXmlValueResourcesForAndroidRelease NO-SOURCE
> Task :composeApp:copyNonXmlValueResourcesForAndroidRelease NO-SOURCE
> Task :composeApp:prepareComposeResourcesTaskForAndroidRelease NO-SOURCE
> Task :composeApp:generateResourceAccessorsForAndroidRelease NO-SOURCE
> Task :composeApp:checkReleaseDuplicateClasses
> Task :composeApp:extractReleaseNativeSymbolTables
> Task :composeApp:mergeReleaseNativeDebugMetadata NO-SOURCE
> Task :composeApp:generateReleaseResValues
> Task :composeApp:checkReleaseAarMetadata
> Task :composeApp:processReleaseGoogleServices
> Task :composeApp:mapReleaseSourceSetPaths
> Task :composeApp:generateReleaseResources
> Task :composeApp:processDebugResources
> Task :composeApp:packageReleaseResources
> Task :composeApp:createReleaseCompatibleScreenManifests
> Task :composeApp:extractDeepLinksRelease
> Task :composeApp:parseReleaseLocalResources
> Task :composeApp:mergeReleaseResources
> Task :composeApp:processReleaseMainManifest
> Task :composeApp:processReleaseManifest
> Task :composeApp:javaPreCompileRelease
> Task :composeApp:processReleaseManifestForPackage
> Task :composeApp:desugarReleaseFileDependencies
> Task :composeApp:mergeReleaseStartupProfile UP-TO-DATE
> Task :composeApp:mergeReleaseShaders
> Task :composeApp:compileReleaseShaders NO-SOURCE
> Task :composeApp:copyReleaseComposeResourcesToAndroidAssets
> Task :composeApp:generateReleaseAssets UP-TO-DATE
> Task :composeApp:releaseAssetsCopyForAGP NO-SOURCE
> Task :composeApp:mergeReleaseArtProfile
> Task :composeApp:mergeReleaseAssets
> Task :composeApp:compressReleaseAssets
> Task :composeApp:extractReleaseVersionControlInfo
> Task :composeApp:convertXmlValueResourcesForAndroidUnitTest NO-SOURCE
> Task :composeApp:copyNonXmlValueResourcesForAndroidUnitTest NO-SOURCE
> Task :composeApp:prepareComposeResourcesTaskForAndroidUnitTest NO-SOURCE
> Task :composeApp:generateResourceAccessorsForAndroidUnitTest NO-SOURCE
> Task :composeApp:convertXmlValueResourcesForAndroidUnitTestDebug NO-SOURCE
> Task :composeApp:copyNonXmlValueResourcesForAndroidUnitTestDebug NO-SOURCE
> Task :composeApp:prepareComposeResourcesTaskForAndroidUnitTestDebug NO-SOURCE
> Task :composeApp:generateResourceAccessorsForAndroidUnitTestDebug NO-SOURCE
> Task :composeApp:convertXmlValueResourcesForAndroidUnitTestRelease NO-SOURCE
> Task :composeApp:copyNonXmlValueResourcesForAndroidUnitTestRelease NO-SOURCE
> Task :composeApp:prepareComposeResourcesTaskForAndroidUnitTestRelease NO-SOURCE
> Task :composeApp:generateResourceAccessorsForAndroidUnitTestRelease NO-SOURCE
> Task :composeApp:convertXmlValueResourcesForAppleMain NO-SOURCE
> Task :composeApp:copyNonXmlValueResourcesForAppleMain NO-SOURCE
> Task :composeApp:prepareComposeResourcesTaskForAppleMain NO-SOURCE
> Task :composeApp:generateResourceAccessorsForAppleMain NO-SOURCE
> Task :composeApp:convertXmlValueResourcesForAppleTest NO-SOURCE
> Task :composeApp:copyNonXmlValueResourcesForAppleTest NO-SOURCE
> Task :composeApp:prepareComposeResourcesTaskForAppleTest NO-SOURCE
> Task :composeApp:generateResourceAccessorsForAppleTest NO-SOURCE
> Task :composeApp:convertXmlValueResourcesForCommonTest NO-SOURCE
> Task :composeApp:copyNonXmlValueResourcesForCommonTest NO-SOURCE
> Task :composeApp:prepareComposeResourcesTaskForCommonTest NO-SOURCE
> Task :composeApp:generateResourceAccessorsForCommonTest NO-SOURCE
> Task :composeApp:convertXmlValueResourcesForIosArm64Main NO-SOURCE
> Task :composeApp:copyNonXmlValueResourcesForIosArm64Main NO-SOURCE
> Task :composeApp:prepareComposeResourcesTaskForIosArm64Main NO-SOURCE
> Task :composeApp:generateResourceAccessorsForIosArm64Main NO-SOURCE
> Task :composeApp:convertXmlValueResourcesForIosArm64Test NO-SOURCE
> Task :composeApp:copyNonXmlValueResourcesForIosArm64Test NO-SOURCE
> Task :composeApp:prepareComposeResourcesTaskForIosArm64Test NO-SOURCE
> Task :composeApp:generateResourceAccessorsForIosArm64Test NO-SOURCE
> Task :composeApp:convertXmlValueResourcesForIosMain NO-SOURCE
> Task :composeApp:copyNonXmlValueResourcesForIosMain NO-SOURCE
> Task :composeApp:prepareComposeResourcesTaskForIosMain NO-SOURCE
> Task :composeApp:generateResourceAccessorsForIosMain NO-SOURCE
> Task :composeApp:convertXmlValueResourcesForIosSimulatorArm64Main NO-SOURCE
> Task :composeApp:copyNonXmlValueResourcesForIosSimulatorArm64Main NO-SOURCE
> Task :composeApp:prepareComposeResourcesTaskForIosSimulatorArm64Main NO-SOURCE
> Task :composeApp:generateResourceAccessorsForIosSimulatorArm64Main NO-SOURCE
> Task :composeApp:convertXmlValueResourcesForIosSimulatorArm64Test NO-SOURCE
> Task :composeApp:copyNonXmlValueResourcesForIosSimulatorArm64Test NO-SOURCE
> Task :composeApp:prepareComposeResourcesTaskForIosSimulatorArm64Test NO-SOURCE
> Task :composeApp:generateResourceAccessorsForIosSimulatorArm64Test NO-SOURCE
> Task :composeApp:convertXmlValueResourcesForIosTest NO-SOURCE
> Task :composeApp:copyNonXmlValueResourcesForIosTest NO-SOURCE
> Task :composeApp:prepareComposeResourcesTaskForIosTest NO-SOURCE
> Task :composeApp:generateResourceAccessorsForIosTest NO-SOURCE
> Task :composeApp:convertXmlValueResourcesForIosX64Main NO-SOURCE
> Task :composeApp:copyNonXmlValueResourcesForIosX64Main NO-SOURCE
> Task :composeApp:prepareComposeResourcesTaskForIosX64Main NO-SOURCE
> Task :composeApp:generateResourceAccessorsForIosX64Main NO-SOURCE
> Task :composeApp:convertXmlValueResourcesForIosX64Test NO-SOURCE
> Task :composeApp:copyNonXmlValueResourcesForIosX64Test NO-SOURCE
> Task :composeApp:prepareComposeResourcesTaskForIosX64Test NO-SOURCE
> Task :composeApp:generateResourceAccessorsForIosX64Test NO-SOURCE
> Task :composeApp:convertXmlValueResourcesForNativeMain NO-SOURCE
> Task :composeApp:copyNonXmlValueResourcesForNativeMain NO-SOURCE
> Task :composeApp:prepareComposeResourcesTaskForNativeMain NO-SOURCE
> Task :composeApp:generateResourceAccessorsForNativeMain NO-SOURCE
> Task :composeApp:convertXmlValueResourcesForNativeTest NO-SOURCE
> Task :composeApp:copyNonXmlValueResourcesForNativeTest NO-SOURCE
> Task :composeApp:prepareComposeResourcesTaskForNativeTest NO-SOURCE
> Task :composeApp:generateResourceAccessorsForNativeTest NO-SOURCE
> Task :composeApp:extractProguardFiles
> Task :composeApp:processReleaseResources
> Task :composeApp:collectReleaseDependencies
> Task :composeApp:sdkReleaseDependencyData
> Task :composeApp:writeReleaseAppMetadata
> Task :composeApp:writeReleaseSigningConfigVersions
> Task :composeApp:commonizeNativeDistribution
> Task :composeApp:transformNativeMainDependenciesMetadata
> Task :composeApp:compileNativeMainKotlinMetadata NO-SOURCE
> Task :composeApp:metadataNativeMainProcessResources NO-SOURCE
> Task :composeApp:metadataNativeMainClasses UP-TO-DATE
> Task :composeApp:transformAppleMainDependenciesMetadata
> Task :composeApp:compileAppleMainKotlinMetadata NO-SOURCE
> Task :composeApp:metadataAppleMainProcessResources NO-SOURCE
> Task :composeApp:metadataAppleMainClasses UP-TO-DATE
> Task :composeApp:transformIosMainDependenciesMetadata

> Task :composeApp:compileIosMainKotlinMetadata
w: KLIB resolver: The same 'unique_name=annotation_commonMain' found in more than one library: /Users/macmini/.openclaw/workspace/systems/app-factory/apps/quicktip/quicktip-code/composeApp/build/kotlinTransformedMetadataLibraries/commonMain/androidx.annotation-annotation-1.9.1-commonMain-WmoUwA.klib, /Users/macmini/.openclaw/workspace/systems/app-factory/apps/quicktip/quicktip-code/composeApp/build/kotlinTransformedMetadataLibraries/commonMain/org.jetbrains.compose.annotation-internal-annotation-1.8.2-commonMain-rFUiXw.klib
w: KLIB resolver: The same 'unique_name=collection_commonMain' found in more than one library: /Users/macmini/.openclaw/workspace/systems/app-factory/apps/quicktip/quicktip-code/composeApp/build/kotlinTransformedMetadataLibraries/commonMain/androidx.collection-collection-1.5.0-commonMain-j7f1lg.klib, /Users/macmini/.openclaw/workspace/systems/app-factory/apps/quicktip/quicktip-code/composeApp/build/kotlinTransformedMetadataLibraries/commonMain/org.jetbrains.compose.collection-internal-collection-1.8.2-commonMain-wYBS5Q.klib
w: KLIB resolver: The same 'unique_name=library_commonMain' found in more than one library: /Users/macmini/.openclaw/workspace/systems/app-factory/apps/quicktip/quicktip-code/composeApp/build/kotlinTransformedMetadataLibraries/commonMain/org.jetbrains.compose.components-components-resources-1.8.2-commonMain-Wrum6g.klib, /Users/macmini/.openclaw/workspace/systems/app-factory/apps/quicktip/quicktip-code/composeApp/build/kotlinTransformedMetadataLibraries/commonMain/org.jetbrains.compose.components-components-ui-tooling-preview-1.8.2-commonMain-GiKBLA.klib
w: KLIB resolver: The same 'unique_name=runtime_commonMain' found in more than one library: /Users/macmini/.openclaw/workspace/systems/app-factory/apps/quicktip/quicktip-code/composeApp/build/kotlinTransformedMetadataLibraries/commonMain/app.cash.sqldelight-runtime-2.0.2-commonMain-asQ-DQ.klib, /Users/macmini/.openclaw/workspace/systems/app-factory/apps/quicktip/quicktip-code/composeApp/build/kotlinTransformedMetadataLibraries/commonMain/org.jetbrains.compose.runtime-runtime-1.8.2-commonMain-uStnmw.klib
w: file:///Users/macmini/.openclaw/workspace/systems/app-factory/apps/quicktip/quicktip-code/composeApp/src/iosMain/kotlin/com/ofekyariv/quicktip/ads/AdManager.ios.kt:7:1 'expect'/'actual' classes (including interfaces, objects, annotations, enums, and 'actual' typealiases) are in Beta. Consider using the '-Xexpect-actual-classes' flag to suppress this warning. Also see: https://youtrack.jetbrains.com/issue/KT-61573
w: file:///Users/macmini/.openclaw/workspace/systems/app-factory/apps/quicktip/quicktip-code/composeApp/src/iosMain/kotlin/com/ofekyariv/quicktip/analytics/AnalyticsTracker.ios.kt:9:1 'expect'/'actual' classes (including interfaces, objects, annotations, enums, and 'actual' typealiases) are in Beta. Consider using the '-Xexpect-actual-classes' flag to suppress this warning. Also see: https://youtrack.jetbrains.com/issue/KT-61573
w: file:///Users/macmini/.openclaw/workspace/systems/app-factory/apps/quicktip/quicktip-code/composeApp/src/iosMain/kotlin/com/ofekyariv/quicktip/data/database/DatabaseDriverFactory.ios.kt:9:1 'expect'/'actual' classes (including interfaces, objects, annotations, enums, and 'actual' typealiases) are in Beta. Consider using the '-Xexpect-actual-classes' flag to suppress this warning. Also see: https://youtrack.jetbrains.com/issue/KT-61573
w: file:///Users/macmini/.openclaw/workspace/systems/app-factory/apps/quicktip/quicktip-code/composeApp/src/iosMain/kotlin/com/ofekyariv/quicktip/iap/IAPManager.ios.kt:25:1 'expect'/'actual' classes (including interfaces, objects, annotations, enums, and 'actual' typealiases) are in Beta. Consider using the '-Xexpect-actual-classes' flag to suppress this warning. Also see: https://youtrack.jetbrains.com/issue/KT-61573

> Task :composeApp:generateActualResourceCollectorsForIosArm64Main

> Task :composeApp:compileDebugKotlinAndroid
w: file:///Users/macmini/.openclaw/workspace/systems/app-factory/apps/quicktip/quicktip-code/composeApp/src/androidMain/kotlin/com/ofekyariv/quicktip/ads/AdManager.android.kt:15:1 'expect'/'actual' classes (including interfaces, objects, annotations, enums, and 'actual' typealiases) are in Beta. Consider using the '-Xexpect-actual-classes' flag to suppress this warning. Also see: https://youtrack.jetbrains.com/issue/KT-61573
w: file:///Users/macmini/.openclaw/workspace/systems/app-factory/apps/quicktip/quicktip-code/composeApp/src/androidMain/kotlin/com/ofekyariv/quicktip/analytics/AnalyticsTracker.android.kt:9:1 'expect'/'actual' classes (including interfaces, objects, annotations, enums, and 'actual' typealiases) are in Beta. Consider using the '-Xexpect-actual-classes' flag to suppress this warning. Also see: https://youtrack.jetbrains.com/issue/KT-61573
w: file:///Users/macmini/.openclaw/workspace/systems/app-factory/apps/quicktip/quicktip-code/composeApp/src/androidMain/kotlin/com/ofekyariv/quicktip/data/database/DatabaseDriverFactory.android.kt:10:1 'expect'/'actual' classes (including interfaces, objects, annotations, enums, and 'actual' typealiases) are in Beta. Consider using the '-Xexpect-actual-classes' flag to suppress this warning. Also see: https://youtrack.jetbrains.com/issue/KT-61573
w: file:///Users/macmini/.openclaw/workspace/systems/app-factory/apps/quicktip/quicktip-code/composeApp/src/androidMain/kotlin/com/ofekyariv/quicktip/iap/IAPManager.android.kt:29:1 'expect'/'actual' classes (including interfaces, objects, annotations, enums, and 'actual' typealiases) are in Beta. Consider using the '-Xexpect-actual-classes' flag to suppress this warning. Also see: https://youtrack.jetbrains.com/issue/KT-61573
w: file:///Users/macmini/.openclaw/workspace/systems/app-factory/apps/quicktip/quicktip-code/composeApp/src/commonMain/kotlin/com/ofekyariv/quicktip/ads/AdManager.kt:7:1 'expect'/'actual' classes (including interfaces, objects, annotations, enums, and 'actual' typealiases) are in Beta. Consider using the '-Xexpect-actual-classes' flag to suppress this warning. Also see: https://youtrack.jetbrains.com/issue/KT-61573
w: file:///Users/macmini/.openclaw/workspace/systems/app-factory/apps/quicktip/quicktip-code/composeApp/src/commonMain/kotlin/com/ofekyariv/quicktip/analytics/AnalyticsTracker.kt:7:1 'expect'/'actual' classes (including interfaces, objects, annotations, enums, and 'actual' typealiases) are in Beta. Consider using the '-Xexpect-actual-classes' flag to suppress this warning. Also see: https://youtrack.jetbrains.com/issue/KT-61573
w: file:///Users/macmini/.openclaw/workspace/systems/app-factory/apps/quicktip/quicktip-code/composeApp/src/commonMain/kotlin/com/ofekyariv/quicktip/data/database/DatabaseDriverFactory.kt:9:1 'expect'/'actual' classes (including interfaces, objects, annotations, enums, and 'actual' typealiases) are in Beta. Consider using the '-Xexpect-actual-classes' flag to suppress this warning. Also see: https://youtrack.jetbrains.com/issue/KT-61573
w: file:///Users/macmini/.openclaw/workspace/systems/app-factory/apps/quicktip/quicktip-code/composeApp/src/commonMain/kotlin/com/ofekyariv/quicktip/iap/IAPManager.kt:9:1 'expect'/'actual' classes (including interfaces, objects, annotations, enums, and 'actual' typealiases) are in Beta. Consider using the '-Xexpect-actual-classes' flag to suppress this warning. Also see: https://youtrack.jetbrains.com/issue/KT-61573

> Task :composeApp:compileReleaseKotlinAndroid
w: file:///Users/macmini/.openclaw/workspace/systems/app-factory/apps/quicktip/quicktip-code/composeApp/src/androidMain/kotlin/com/ofekyariv/quicktip/ads/AdManager.android.kt:15:1 'expect'/'actual' classes (including interfaces, objects, annotations, enums, and 'actual' typealiases) are in Beta. Consider using the '-Xexpect-actual-classes' flag to suppress this warning. Also see: https://youtrack.jetbrains.com/issue/KT-61573
w: file:///Users/macmini/.openclaw/workspace/systems/app-factory/apps/quicktip/quicktip-code/composeApp/src/androidMain/kotlin/com/ofekyariv/quicktip/analytics/AnalyticsTracker.android.kt:9:1 'expect'/'actual' classes (including interfaces, objects, annotations, enums, and 'actual' typealiases) are in Beta. Consider using the '-Xexpect-actual-classes' flag to suppress this warning. Also see: https://youtrack.jetbrains.com/issue/KT-61573
w: file:///Users/macmini/.openclaw/workspace/systems/app-factory/apps/quicktip/quicktip-code/composeApp/src/androidMain/kotlin/com/ofekyariv/quicktip/data/database/DatabaseDriverFactory.android.kt:10:1 'expect'/'actual' classes (including interfaces, objects, annotations, enums, and 'actual' typealiases) are in Beta. Consider using the '-Xexpect-actual-classes' flag to suppress this warning. Also see: https://youtrack.jetbrains.com/issue/KT-61573
w: file:///Users/macmini/.openclaw/workspace/systems/app-factory/apps/quicktip/quicktip-code/composeApp/src/androidMain/kotlin/com/ofekyariv/quicktip/iap/IAPManager.android.kt:29:1 'expect'/'actual' classes (including interfaces, objects, annotations, enums, and 'actual' typealiases) are in Beta. Consider using the '-Xexpect-actual-classes' flag to suppress this warning. Also see: https://youtrack.jetbrains.com/issue/KT-61573
w: file:///Users/macmini/.openclaw/workspace/systems/app-factory/apps/quicktip/quicktip-code/composeApp/src/commonMain/kotlin/com/ofekyariv/quicktip/ads/AdManager.kt:7:1 'expect'/'actual' classes (including interfaces, objects, annotations, enums, and 'actual' typealiases) are in Beta. Consider using the '-Xexpect-actual-classes' flag to suppress this warning. Also see: https://youtrack.jetbrains.com/issue/KT-61573
w: file:///Users/macmini/.openclaw/workspace/systems/app-factory/apps/quicktip/quicktip-code/composeApp/src/commonMain/kotlin/com/ofekyariv/quicktip/analytics/AnalyticsTracker.kt:7:1 'expect'/'actual' classes (including interfaces, objects, annotations, enums, and 'actual' typealiases) are in Beta. Consider using the '-Xexpect-actual-classes' flag to suppress this warning. Also see: https://youtrack.jetbrains.com/issue/KT-61573
w: file:///Users/macmini/.openclaw/workspace/systems/app-factory/apps/quicktip/quicktip-code/composeApp/src/commonMain/kotlin/com/ofekyariv/quicktip/data/database/DatabaseDriverFactory.kt:9:1 'expect'/'actual' classes (including interfaces, objects, annotations, enums, and 'actual' typealiases) are in Beta. Consider using the '-Xexpect-actual-classes' flag to suppress this warning. Also see: https://youtrack.jetbrains.com/issue/KT-61573
w: file:///Users/macmini/.openclaw/workspace/systems/app-factory/apps/quicktip/quicktip-code/composeApp/src/commonMain/kotlin/com/ofekyariv/quicktip/iap/IAPManager.kt:9:1 'expect'/'actual' classes (including interfaces, objects, annotations, enums, and 'actual' typealiases) are in Beta. Consider using the '-Xexpect-actual-classes' flag to suppress this warning. Also see: https://youtrack.jetbrains.com/issue/KT-61573

> Task :composeApp:compileKotlinIosArm64
w: file:///Users/macmini/.openclaw/workspace/systems/app-factory/apps/quicktip/quicktip-code/composeApp/src/commonMain/kotlin/com/ofekyariv/quicktip/ads/AdManager.kt:7:1 'expect'/'actual' classes (including interfaces, objects, annotations, enums, and 'actual' typealiases) are in Beta. Consider using the '-Xexpect-actual-classes' flag to suppress this warning. Also see: https://youtrack.jetbrains.com/issue/KT-61573
w: file:///Users/macmini/.openclaw/workspace/systems/app-factory/apps/quicktip/quicktip-code/composeApp/src/commonMain/kotlin/com/ofekyariv/quicktip/analytics/AnalyticsTracker.kt:7:1 'expect'/'actual' classes (including interfaces, objects, annotations, enums, and 'actual' typealiases) are in Beta. Consider using the '-Xexpect-actual-classes' flag to suppress this warning. Also see: https://youtrack.jetbrains.com/issue/KT-61573
w: file:///Users/macmini/.openclaw/workspace/systems/app-factory/apps/quicktip/quicktip-code/composeApp/src/commonMain/kotlin/com/ofekyariv/quicktip/data/database/DatabaseDriverFactory.kt:9:1 'expect'/'actual' classes (including interfaces, objects, annotations, enums, and 'actual' typealiases) are in Beta. Consider using the '-Xexpect-actual-classes' flag to suppress this warning. Also see: https://youtrack.jetbrains.com/issue/KT-61573
w: file:///Users/macmini/.openclaw/workspace/systems/app-factory/apps/quicktip/quicktip-code/composeApp/src/commonMain/kotlin/com/ofekyariv/quicktip/iap/IAPManager.kt:9:1 'expect'/'actual' classes (including interfaces, objects, annotations, enums, and 'actual' typealiases) are in Beta. Consider using the '-Xexpect-actual-classes' flag to suppress this warning. Also see: https://youtrack.jetbrains.com/issue/KT-61573
w: file:///Users/macmini/.openclaw/workspace/systems/app-factory/apps/quicktip/quicktip-code/composeApp/src/iosMain/kotlin/com/ofekyariv/quicktip/ads/AdManager.ios.kt:7:1 'expect'/'actual' classes (including interfaces, objects, annotations, enums, and 'actual' typealiases) are in Beta. Consider using the '-Xexpect-actual-classes' flag to suppress this warning. Also see: https://youtrack.jetbrains.com/issue/KT-61573
w: file:///Users/macmini/.openclaw/workspace/systems/app-factory/apps/quicktip/quicktip-code/composeApp/src/iosMain/kotlin/com/ofekyariv/quicktip/analytics/AnalyticsTracker.ios.kt:9:1 'expect'/'actual' classes (including interfaces, objects, annotations, enums, and 'actual' typealiases) are in Beta. Consider using the '-Xexpect-actual-classes' flag to suppress this warning. Also see: https://youtrack.jetbrains.com/issue/KT-61573
w: file:///Users/macmini/.openclaw/workspace/systems/app-factory/apps/quicktip/quicktip-code/composeApp/src/iosMain/kotlin/com/ofekyariv/quicktip/data/database/DatabaseDriverFactory.ios.kt:9:1 'expect'/'actual' classes (including interfaces, objects, annotations, enums, and 'actual' typealiases) are in Beta. Consider using the '-Xexpect-actual-classes' flag to suppress this warning. Also see: https://youtrack.jetbrains.com/issue/KT-61573
w: file:///Users/macmini/.openclaw/workspace/systems/app-factory/apps/quicktip/quicktip-code/composeApp/src/iosMain/kotlin/com/ofekyariv/quicktip/iap/IAPManager.ios.kt:25:1 'expect'/'actual' classes (including interfaces, objects, annotations, enums, and 'actual' typealiases) are in Beta. Consider using the '-Xexpect-actual-classes' flag to suppress this warning. Also see: https://youtrack.jetbrains.com/issue/KT-61573

> Task :composeApp:compileDebugJavaWithJavac NO-SOURCE
> Task :composeApp:processDebugJavaRes
> Task :composeApp:mergeExtDexRelease
> Task :composeApp:mergeDebugJavaResource
> Task :composeApp:dexBuilderDebug
> Task :composeApp:compileReleaseJavaWithJavac NO-SOURCE
> Task :composeApp:mergeProjectDexDebug
> Task :composeApp:mergeExtDexDebug
> Task :composeApp:dexBuilderRelease
> Task :composeApp:mergeReleaseGlobalSynthetics
> Task :composeApp:generateReleaseLintVitalReportModel
> Task :composeApp:processReleaseJavaRes
> Task :composeApp:generateActualResourceCollectorsForIosSimulatorArm64Main
> Task :composeApp:mergeReleaseJavaResource

> Task :composeApp:compileKotlinIosSimulatorArm64
w: file:///Users/macmini/.openclaw/workspace/systems/app-factory/apps/quicktip/quicktip-code/composeApp/src/commonMain/kotlin/com/ofekyariv/quicktip/ads/AdManager.kt:7:1 'expect'/'actual' classes (including interfaces, objects, annotations, enums, and 'actual' typealiases) are in Beta. Consider using the '-Xexpect-actual-classes' flag to suppress this warning. Also see: https://youtrack.jetbrains.com/issue/KT-61573
w: file:///Users/macmini/.openclaw/workspace/systems/app-factory/apps/quicktip/quicktip-code/composeApp/src/commonMain/kotlin/com/ofekyariv/quicktip/analytics/AnalyticsTracker.kt:7:1 'expect'/'actual' classes (including interfaces, objects, annotations, enums, and 'actual' typealiases) are in Beta. Consider using the '-Xexpect-actual-classes' flag to suppress this warning. Also see: https://youtrack.jetbrains.com/issue/KT-61573
w: file:///Users/macmini/.openclaw/workspace/systems/app-factory/apps/quicktip/quicktip-code/composeApp/src/commonMain/kotlin/com/ofekyariv/quicktip/data/database/DatabaseDriverFactory.kt:9:1 'expect'/'actual' classes (including interfaces, objects, annotations, enums, and 'actual' typealiases) are in Beta. Consider using the '-Xexpect-actual-classes' flag to suppress this warning. Also see: https://youtrack.jetbrains.com/issue/KT-61573
w: file:///Users/macmini/.openclaw/workspace/systems/app-factory/apps/quicktip/quicktip-code/composeApp/src/commonMain/kotlin/com/ofekyariv/quicktip/iap/IAPManager.kt:9:1 'expect'/'actual' classes (including interfaces, objects, annotations, enums, and 'actual' typealiases) are in Beta. Consider using the '-Xexpect-actual-classes' flag to suppress this warning. Also see: https://youtrack.jetbrains.com/issue/KT-61573
w: file:///Users/macmini/.openclaw/workspace/systems/app-factory/apps/quicktip/quicktip-code/composeApp/src/iosMain/kotlin/com/ofekyariv/quicktip/ads/AdManager.ios.kt:7:1 'expect'/'actual' classes (including interfaces, objects, annotations, enums, and 'actual' typealiases) are in Beta. Consider using the '-Xexpect-actual-classes' flag to suppress this warning. Also see: https://youtrack.jetbrains.com/issue/KT-61573
w: file:///Users/macmini/.openclaw/workspace/systems/app-factory/apps/quicktip/quicktip-code/composeApp/src/iosMain/kotlin/com/ofekyariv/quicktip/analytics/AnalyticsTracker.ios.kt:9:1 'expect'/'actual' classes (including interfaces, objects, annotations, enums, and 'actual' typealiases) are in Beta. Consider using the '-Xexpect-actual-classes' flag to suppress this warning. Also see: https://youtrack.jetbrains.com/issue/KT-61573
w: file:///Users/macmini/.openclaw/workspace/systems/app-factory/apps/quicktip/quicktip-code/composeApp/src/iosMain/kotlin/com/ofekyariv/quicktip/data/database/DatabaseDriverFactory.ios.kt:9:1 'expect'/'actual' classes (including interfaces, objects, annotations, enums, and 'actual' typealiases) are in Beta. Consider using the '-Xexpect-actual-classes' flag to suppress this warning. Also see: https://youtrack.jetbrains.com/issue/KT-61573
w: file:///Users/macmini/.openclaw/workspace/systems/app-factory/apps/quicktip/quicktip-code/composeApp/src/iosMain/kotlin/com/ofekyariv/quicktip/iap/IAPManager.ios.kt:25:1 'expect'/'actual' classes (including interfaces, objects, annotations, enums, and 'actual' typealiases) are in Beta. Consider using the '-Xexpect-actual-classes' flag to suppress this warning. Also see: https://youtrack.jetbrains.com/issue/KT-61573

> Task :composeApp:generateActualResourceCollectorsForIosX64Main
> Task :composeApp:mergeDexRelease

> Task :composeApp:compileKotlinIosX64
w: file:///Users/macmini/.openclaw/workspace/systems/app-factory/apps/quicktip/quicktip-code/composeApp/src/commonMain/kotlin/com/ofekyariv/quicktip/ads/AdManager.kt:7:1 'expect'/'actual' classes (including interfaces, objects, annotations, enums, and 'actual' typealiases) are in Beta. Consider using the '-Xexpect-actual-classes' flag to suppress this warning. Also see: https://youtrack.jetbrains.com/issue/KT-61573
w: file:///Users/macmini/.openclaw/workspace/systems/app-factory/apps/quicktip/quicktip-code/composeApp/src/commonMain/kotlin/com/ofekyariv/quicktip/analytics/AnalyticsTracker.kt:7:1 'expect'/'actual' classes (including interfaces, objects, annotations, enums, and 'actual' typealiases) are in Beta. Consider using the '-Xexpect-actual-classes' flag to suppress this warning. Also see: https://youtrack.jetbrains.com/issue/KT-61573
w: file:///Users/macmini/.openclaw/workspace/systems/app-factory/apps/quicktip/quicktip-code/composeApp/src/commonMain/kotlin/com/ofekyariv/quicktip/data/database/DatabaseDriverFactory.kt:9:1 'expect'/'actual' classes (including interfaces, objects, annotations, enums, and 'actual' typealiases) are in Beta. Consider using the '-Xexpect-actual-classes' flag to suppress this warning. Also see: https://youtrack.jetbrains.com/issue/KT-61573
w: file:///Users/macmini/.openclaw/workspace/systems/app-factory/apps/quicktip/quicktip-code/composeApp/src/commonMain/kotlin/com/ofekyariv/quicktip/iap/IAPManager.kt:9:1 'expect'/'actual' classes (including interfaces, objects, annotations, enums, and 'actual' typealiases) are in Beta. Consider using the '-Xexpect-actual-classes' flag to suppress this warning. Also see: https://youtrack.jetbrains.com/issue/KT-61573
w: file:///Users/macmini/.openclaw/workspace/systems/app-factory/apps/quicktip/quicktip-code/composeApp/src/iosMain/kotlin/com/ofekyariv/quicktip/ads/AdManager.ios.kt:7:1 'expect'/'actual' classes (including interfaces, objects, annotations, enums, and 'actual' typealiases) are in Beta. Consider using the '-Xexpect-actual-classes' flag to suppress this warning. Also see: https://youtrack.jetbrains.com/issue/KT-61573
w: file:///Users/macmini/.openclaw/workspace/systems/app-factory/apps/quicktip/quicktip-code/composeApp/src/iosMain/kotlin/com/ofekyariv/quicktip/analytics/AnalyticsTracker.ios.kt:9:1 'expect'/'actual' classes (including interfaces, objects, annotations, enums, and 'actual' typealiases) are in Beta. Consider using the '-Xexpect-actual-classes' flag to suppress this warning. Also see: https://youtrack.jetbrains.com/issue/KT-61573
w: file:///Users/macmini/.openclaw/workspace/systems/app-factory/apps/quicktip/quicktip-code/composeApp/src/iosMain/kotlin/com/ofekyariv/quicktip/data/database/DatabaseDriverFactory.ios.kt:9:1 'expect'/'actual' classes (including interfaces, objects, annotations, enums, and 'actual' typealiases) are in Beta. Consider using the '-Xexpect-actual-classes' flag to suppress this warning. Also see: https://youtrack.jetbrains.com/issue/KT-61573
w: file:///Users/macmini/.openclaw/workspace/systems/app-factory/apps/quicktip/quicktip-code/composeApp/src/iosMain/kotlin/com/ofekyariv/quicktip/iap/IAPManager.ios.kt:25:1 'expect'/'actual' classes (including interfaces, objects, annotations, enums, and 'actual' typealiases) are in Beta. Consider using the '-Xexpect-actual-classes' flag to suppress this warning. Also see: https://youtrack.jetbrains.com/issue/KT-61573

> Task :composeApp:iosArm64ResolveResourcesFromDependencies
> Task :composeApp:assembleIosArm64MainResources
> Task :composeApp:iosArm64ResolveSelfResourcesCopyHierarchicalMultiplatformResources
> Task :composeApp:iosArm64AggregateResources
> Task :composeApp:iosArm64ProcessResources
> Task :composeApp:iosArm64MainKlibrary
> Task :composeApp:compileReleaseArtProfile
> Task :composeApp:compileTestKotlinIosArm64
> Task :composeApp:iosSimulatorArm64ResolveResourcesFromDependencies
> Task :composeApp:assembleIosSimulatorArm64MainResources
> Task :composeApp:iosSimulatorArm64ResolveSelfResourcesCopyHierarchicalMultiplatformResources
> Task :composeApp:iosSimulatorArm64AggregateResources
> Task :composeApp:iosSimulatorArm64ProcessResources
> Task :composeApp:iosSimulatorArm64MainKlibrary
> Task :composeApp:compileTestKotlinIosSimulatorArm64
> Task :composeApp:iosX64ResolveResourcesFromDependencies
> Task :composeApp:assembleIosX64MainResources
> Task :composeApp:iosX64ResolveSelfResourcesCopyHierarchicalMultiplatformResources
> Task :composeApp:iosX64AggregateResources
> Task :composeApp:iosX64ProcessResources
> Task :composeApp:iosX64MainKlibrary
> Task :composeApp:compileTestKotlinIosX64
> Task :composeApp:metadataIosMainProcessResources NO-SOURCE
> Task :composeApp:metadataIosMainClasses
> Task :composeApp:iosArm64MetadataElements
> Task :composeApp:iosSimulatorArm64MetadataElements
> Task :composeApp:iosX64MetadataElements
> Task :composeApp:lintVitalAnalyzeRelease

> Task :composeApp:linkDebugFrameworkIosArm64
w: Cannot infer a bundle ID from packages of source files and exported dependencies, use the bundle name instead: ComposeApp. Please specify the bundle ID explicitly using the -Xbinary=bundleId=<id> compiler flag.

> Task :composeApp:lintVitalReportRelease SKIPPED
> Task :composeApp:lintVitalRelease SKIPPED
> Task :composeApp:optimizeReleaseResources
> Task :composeApp:packageDebug
> Task :composeApp:linkDebugFrameworkIosX64
w: Cannot infer a bundle ID from packages of source files and exported dependencies, use the bundle name instead: ComposeApp. Please specify the bundle ID explicitly using the -Xbinary=bundleId=<id> compiler flag.

> Task :composeApp:linkDebugFrameworkIosFat

> Task :composeApp:linkDebugFrameworkIosSimulatorArm64
w: Cannot infer a bundle ID from packages of source files and exported dependencies, use the bundle name instead: ComposeApp. Please specify the bundle ID explicitly using the -Xbinary=bundleId=<id> compiler flag.

> Task :composeApp:linkReleaseFrameworkIosArm64
w: Cannot infer a bundle ID from packages of source files and exported dependencies, use the bundle name instead: ComposeApp. Please specify the bundle ID explicitly using the -Xbinary=bundleId=<id> compiler flag.

> Task :composeApp:linkReleaseFrameworkIosX64
w: Cannot infer a bundle ID from packages of source files and exported dependencies, use the bundle name instead: ComposeApp. Please specify the bundle ID explicitly using the -Xbinary=bundleId=<id> compiler flag.

> Task :composeApp:linkReleaseFrameworkIosFat
> Task :composeApp:linkReleaseFrameworkIosSimulatorArm64
w: Cannot infer a bundle ID from packages of source files and exported dependencies, use the bundle name instead: ComposeApp. Please specify the bundle ID explicitly using the -Xbinary=bundleId=<id> compiler flag.

> Task :composeApp:assembleIosSimulatorArm64TestResources
> Task :composeApp:copyTestComposeResourcesForIosSimulatorArm64

> Task :composeApp:linkDebugTestIosSimulatorArm64 FAILED
e: /Applications/Xcode.app/Contents/Developer/Toolchains/XcodeDefault.xctoolchain/usr/bin/ld invocation reported errors
Please try to disable compiler caches and rerun the build. To disable compiler caches, add the following line to the gradle.properties file in the project's root directory:
    
    kotlin.native.cacheKind.iosSimulatorArm64=none
    
Also, consider filing an issue with full Gradle log here: https://kotl.in/issue
The /Applications/Xcode.app/Contents/Developer/Toolchains/XcodeDefault.xctoolchain/usr/bin/ld command returned non-zero exit code: 1.
output:
ld: warning: ignoring duplicate libraries: '-ldl', '-lz'
ld: framework 'FirebaseCore' not found

> Task :composeApp:createDebugApkListingFileRedirect

FAILURE: Build failed with an exception.

* What went wrong:
Execution failed for task ':composeApp:linkDebugTestIosSimulatorArm64'.
> Compilation finished with errors

* Try:
> Run with --stacktrace option to get the stack trace.
> Run with --info or --debug option to get more log output.
> Run with --scan to get full insights.
> Get more help at https://help.gradle.org.

BUILD FAILED in 9m 34s
138 actionable tasks: 134 executed, 4 up-to-date
