Type-safe project accessors is an incubating feature.
> Task :composeApp:preBuild UP-TO-DATE
> Task :composeApp:preDebugBuild UP-TO-DATE
> Task :composeApp:mergeDebugNativeDebugMetadata NO-SOURCE
> Task :composeApp:checkKotlinGradlePluginConfigurationErrors SKIPPED
> Task :composeApp:convertXmlValueResourcesForAndroidMain NO-SOURCE
> Task :composeApp:copyNonXmlValueResourcesForAndroidMain NO-SOURCE
> Task :composeApp:prepareComposeResourcesTaskForAndroidMain NO-SOURCE
> Task :composeApp:generateResourceAccessorsForAndroidMain NO-SOURCE
> Task :composeApp:convertXmlValueResourcesForCommonMain UP-TO-DATE
> Task :composeApp:copyNonXmlValueResourcesForCommonMain NO-SOURCE
> Task :composeApp:prepareComposeResourcesTaskForCommonMain UP-TO-DATE
> Task :composeApp:generateResourceAccessorsForCommonMain UP-TO-DATE
> Task :composeApp:generateActualResourceCollectorsForAndroidMain UP-TO-DATE
> Task :composeApp:generateCommonMainQuickTipDatabaseInterface UP-TO-DATE
> Task :composeApp:generateComposeResClass UP-TO-DATE
> Task :composeApp:generateExpectResourceCollectorsForCommonMain UP-TO-DATE
> Task :composeApp:convertXmlValueResourcesForAndroidDebug NO-SOURCE
> Task :composeApp:copyNonXmlValueResourcesForAndroidDebug NO-SOURCE
> Task :composeApp:prepareComposeResourcesTaskForAndroidDebug NO-SOURCE
> Task :composeApp:generateResourceAccessorsForAndroidDebug NO-SOURCE
> Task :composeApp:checkDebugAarMetadata UP-TO-DATE
> Task :composeApp:generateDebugResValues UP-TO-DATE
> Task :composeApp:processDebugGoogleServices UP-TO-DATE
> Task :composeApp:mapDebugSourceSetPaths UP-TO-DATE
> Task :composeApp:generateDebugResources UP-TO-DATE
> Task :composeApp:mergeDebugResources UP-TO-DATE
> Task :composeApp:packageDebugResources UP-TO-DATE
> Task :composeApp:parseDebugLocalResources UP-TO-DATE
> Task :composeApp:createDebugCompatibleScreenManifests UP-TO-DATE
> Task :composeApp:extractDeepLinksDebug UP-TO-DATE
> Task :composeApp:processDebugMainManifest UP-TO-DATE
> Task :composeApp:processDebugManifest UP-TO-DATE
> Task :composeApp:processDebugManifestForPackage UP-TO-DATE
> Task :composeApp:processDebugResources UP-TO-DATE
> Task :composeApp:compileDebugKotlinAndroid UP-TO-DATE
> Task :composeApp:javaPreCompileDebug UP-TO-DATE
> Task :composeApp:compileDebugJavaWithJavac NO-SOURCE
> Task :composeApp:mergeDebugShaders UP-TO-DATE
> Task :composeApp:compileDebugShaders NO-SOURCE
> Task :composeApp:copyDebugComposeResourcesToAndroidAssets UP-TO-DATE
> Task :composeApp:debugAssetsCopyForAGP NO-SOURCE
> Task :composeApp:generateDebugAssets UP-TO-DATE
> Task :composeApp:mergeDebugAssets UP-TO-DATE
> Task :composeApp:compressDebugAssets UP-TO-DATE
> Task :composeApp:processDebugJavaRes UP-TO-DATE
> Task :composeApp:mergeDebugJavaResource UP-TO-DATE
> Task :composeApp:checkDebugDuplicateClasses UP-TO-DATE
> Task :composeApp:desugarDebugFileDependencies UP-TO-DATE
> Task :composeApp:mergeExtDexDebug UP-TO-DATE
> Task :composeApp:mergeLibDexDebug UP-TO-DATE
> Task :composeApp:dexBuilderDebug UP-TO-DATE
> Task :composeApp:mergeProjectDexDebug UP-TO-DATE
> Task :composeApp:mergeDebugJniLibFolders UP-TO-DATE
> Task :composeApp:mergeDebugNativeLibs UP-TO-DATE
> Task :composeApp:stripDebugDebugSymbols UP-TO-DATE
> Task :composeApp:validateSigningDebug UP-TO-DATE
> Task :composeApp:writeDebugAppMetadata UP-TO-DATE
> Task :composeApp:writeDebugSigningConfigVersions UP-TO-DATE
> Task :composeApp:packageDebug UP-TO-DATE
> Task :composeApp:createDebugApkListingFileRedirect UP-TO-DATE
> Task :composeApp:assembleDebug UP-TO-DATE
> Task :composeApp:preReleaseBuild UP-TO-DATE
> Task :composeApp:generateReleaseResValues UP-TO-DATE
> Task :composeApp:processReleaseGoogleServices UP-TO-DATE
> Task :composeApp:mapReleaseSourceSetPaths UP-TO-DATE
> Task :composeApp:generateReleaseResources UP-TO-DATE
> Task :composeApp:mergeReleaseResources UP-TO-DATE
> Task :composeApp:createReleaseCompatibleScreenManifests UP-TO-DATE
> Task :composeApp:extractDeepLinksRelease UP-TO-DATE
> Task :composeApp:processReleaseMainManifest UP-TO-DATE
> Task :composeApp:processReleaseManifest UP-TO-DATE
> Task :composeApp:processApplicationManifestReleaseForBundle
> Task :composeApp:checkReleaseAarMetadata UP-TO-DATE
> Task :composeApp:packageReleaseResources UP-TO-DATE
> Task :composeApp:parseReleaseLocalResources UP-TO-DATE
> Task :composeApp:processReleaseManifestForPackage UP-TO-DATE
> Task :composeApp:processReleaseResources UP-TO-DATE
> Task :composeApp:extractReleaseVersionControlInfo UP-TO-DATE
> Task :composeApp:checkReleaseDuplicateClasses UP-TO-DATE
> Task :composeApp:buildKotlinToolingMetadata UP-TO-DATE
> Task :composeApp:convertXmlValueResourcesForAndroidRelease NO-SOURCE
> Task :composeApp:copyNonXmlValueResourcesForAndroidRelease NO-SOURCE
> Task :composeApp:prepareComposeResourcesTaskForAndroidRelease NO-SOURCE
> Task :composeApp:generateResourceAccessorsForAndroidRelease NO-SOURCE
> Task :composeApp:compileReleaseKotlinAndroid UP-TO-DATE
> Task :composeApp:javaPreCompileRelease UP-TO-DATE
> Task :composeApp:compileReleaseJavaWithJavac NO-SOURCE
> Task :composeApp:dexBuilderRelease UP-TO-DATE
> Task :composeApp:desugarReleaseFileDependencies UP-TO-DATE
> Task :composeApp:mergeReleaseStartupProfile UP-TO-DATE
> Task :composeApp:mergeExtDexRelease UP-TO-DATE
> Task :composeApp:mergeDexRelease UP-TO-DATE
> Task :composeApp:mergeReleaseShaders UP-TO-DATE
> Task :composeApp:compileReleaseShaders NO-SOURCE
> Task :composeApp:copyReleaseComposeResourcesToAndroidAssets UP-TO-DATE
> Task :composeApp:generateReleaseAssets UP-TO-DATE
> Task :composeApp:releaseAssetsCopyForAGP NO-SOURCE
> Task :composeApp:mergeReleaseAssets UP-TO-DATE
> Task :composeApp:mergeReleaseGlobalSynthetics UP-TO-DATE
> Task :composeApp:processReleaseJavaRes UP-TO-DATE
> Task :composeApp:mergeReleaseJavaResource UP-TO-DATE
> Task :composeApp:mergeReleaseJniLibFolders UP-TO-DATE
> Task :composeApp:mergeReleaseNativeLibs UP-TO-DATE
> Task :composeApp:stripReleaseDebugSymbols UP-TO-DATE
> Task :composeApp:writeReleaseAppMetadata UP-TO-DATE
> Task :composeApp:mergeReleaseArtProfile UP-TO-DATE
> Task :composeApp:compileReleaseArtProfile UP-TO-DATE
> Task :composeApp:collectReleaseDependencies UP-TO-DATE
> Task :composeApp:configureReleaseDependencies
> Task :composeApp:extractReleaseNativeSymbolTables UP-TO-DATE
> Task :composeApp:extractProguardFiles UP-TO-DATE
> Task :composeApp:generateReleaseLintVitalReportModel UP-TO-DATE
> Task :composeApp:lintVitalAnalyzeRelease UP-TO-DATE
> Task :composeApp:parseReleaseIntegrityConfig
> Task :composeApp:lintVitalReportRelease
> Task :composeApp:lintVitalRelease
> Task :composeApp:bundleReleaseResources
> Task :composeApp:buildReleasePreBundle
> Task :composeApp:packageReleaseBundle
> Task :composeApp:signReleaseBundle
> Task :composeApp:produceReleaseBundleIdeListingFile
> Task :composeApp:createReleaseBundleListingFileRedirect
> Task :composeApp:bundleRelease

BUILD SUCCESSFUL in 3s
95 actionable tasks: 11 executed, 84 up-to-date
